

Started GET "/" for ::1 at 2016-05-28 21:09:48 +0900

ActiveRecord::PendingMigrationError (

Migrations are pending. To resolve this issue, run:

	bin/rake db:migrate RAILS_ENV=development

):
  activerecord (4.2.6) lib/active_record/migration.rb:392:in `check_pending!'
  activerecord (4.2.6) lib/active_record/migration.rb:373:in `call'
  actionpack (4.2.6) lib/action_dispatch/middleware/callbacks.rb:29:in `block in call'
  activesupport (4.2.6) lib/active_support/callbacks.rb:88:in `__run_callbacks__'
  activesupport (4.2.6) lib/active_support/callbacks.rb:778:in `_run_call_callbacks'
  activesupport (4.2.6) lib/active_support/callbacks.rb:81:in `run_callbacks'
  actionpack (4.2.6) lib/action_dispatch/middleware/callbacks.rb:27:in `call'
  actionpack (4.2.6) lib/action_dispatch/middleware/reloader.rb:73:in `call'
  actionpack (4.2.6) lib/action_dispatch/middleware/remote_ip.rb:78:in `call'
  actionpack (4.2.6) lib/action_dispatch/middleware/debug_exceptions.rb:17:in `call'
  web-console (2.3.0) lib/web_console/middleware.rb:28:in `block in call'
  web-console (2.3.0) lib/web_console/middleware.rb:18:in `catch'
  web-console (2.3.0) lib/web_console/middleware.rb:18:in `call'
  actionpack (4.2.6) lib/action_dispatch/middleware/show_exceptions.rb:30:in `call'
  railties (4.2.6) lib/rails/rack/logger.rb:38:in `call_app'
  railties (4.2.6) lib/rails/rack/logger.rb:20:in `block in call'
  activesupport (4.2.6) lib/active_support/tagged_logging.rb:68:in `block in tagged'
  activesupport (4.2.6) lib/active_support/tagged_logging.rb:26:in `tagged'
  activesupport (4.2.6) lib/active_support/tagged_logging.rb:68:in `tagged'
  railties (4.2.6) lib/rails/rack/logger.rb:20:in `call'
  actionpack (4.2.6) lib/action_dispatch/middleware/request_id.rb:21:in `call'
  rack (1.6.4) lib/rack/methodoverride.rb:22:in `call'
  rack (1.6.4) lib/rack/runtime.rb:18:in `call'
  activesupport (4.2.6) lib/active_support/cache/strategy/local_cache_middleware.rb:28:in `call'
  rack (1.6.4) lib/rack/lock.rb:17:in `call'
  actionpack (4.2.6) lib/action_dispatch/middleware/static.rb:120:in `call'
  rack (1.6.4) lib/rack/sendfile.rb:113:in `call'
  railties (4.2.6) lib/rails/engine.rb:518:in `call'
  railties (4.2.6) lib/rails/application.rb:165:in `call'
  rack (1.6.4) lib/rack/lock.rb:17:in `call'
  rack (1.6.4) lib/rack/content_length.rb:15:in `call'
  rack (1.6.4) lib/rack/handler/webrick.rb:88:in `service'
  /System/Library/Frameworks/Ruby.framework/Versions/2.0/usr/lib/ruby/2.0.0/webrick/httpserver.rb:138:in `service'
  /System/Library/Frameworks/Ruby.framework/Versions/2.0/usr/lib/ruby/2.0.0/webrick/httpserver.rb:94:in `run'
  /System/Library/Frameworks/Ruby.framework/Versions/2.0/usr/lib/ruby/2.0.0/webrick/server.rb:295:in `block in start_thread'


  Rendered /Library/Ruby/Gems/2.0.0/gems/actionpack-4.2.6/lib/action_dispatch/middleware/templates/rescues/_source.erb (4.8ms)
  Rendered /Library/Ruby/Gems/2.0.0/gems/actionpack-4.2.6/lib/action_dispatch/middleware/templates/rescues/_trace.html.erb (2.3ms)
  Rendered /Library/Ruby/Gems/2.0.0/gems/actionpack-4.2.6/lib/action_dispatch/middleware/templates/rescues/_request_and_response.html.erb (0.8ms)
  Rendered /Library/Ruby/Gems/2.0.0/gems/actionpack-4.2.6/lib/action_dispatch/middleware/templates/rescues/diagnostics.html.erb within rescues/layout (30.8ms)
  Rendered /Library/Ruby/Gems/2.0.0/gems/web-console-2.3.0/lib/web_console/templates/_markup.html.erb (0.4ms)
  Rendered /Library/Ruby/Gems/2.0.0/gems/web-console-2.3.0/lib/web_console/templates/_inner_console_markup.html.erb within layouts/inlined_string (0.4ms)
  Rendered /Library/Ruby/Gems/2.0.0/gems/web-console-2.3.0/lib/web_console/templates/_prompt_box_markup.html.erb within layouts/inlined_string (0.3ms)
  Rendered /Library/Ruby/Gems/2.0.0/gems/web-console-2.3.0/lib/web_console/templates/style.css.erb within layouts/inlined_string (0.5ms)
  Rendered /Library/Ruby/Gems/2.0.0/gems/web-console-2.3.0/lib/web_console/templates/console.js.erb within layouts/javascript (33.4ms)
  Rendered /Library/Ruby/Gems/2.0.0/gems/web-console-2.3.0/lib/web_console/templates/main.js.erb within layouts/javascript (0.3ms)
  Rendered /Library/Ruby/Gems/2.0.0/gems/web-console-2.3.0/lib/web_console/templates/error_page.js.erb within layouts/javascript (0.4ms)
  Rendered /Library/Ruby/Gems/2.0.0/gems/web-console-2.3.0/lib/web_console/templates/index.html.erb (55.9ms)
  [1m[36m (0.9ms)[0m  [1mCREATE TABLE "schema_migrations" ("version" varchar NOT NULL) [0m
  [1m[35m (0.3ms)[0m  select sqlite_version(*)
  [1m[36m (0.8ms)[0m  [1mCREATE UNIQUE INDEX "unique_schema_migrations" ON "schema_migrations" ("version")[0m
  [1m[35mActiveRecord::SchemaMigration Load (0.1ms)[0m  SELECT "schema_migrations".* FROM "schema_migrations"
Migrating to CreateTasks (20160301140031)
  [1m[36m (0.1ms)[0m  [1mbegin transaction[0m
  [1m[35m (0.4ms)[0m  CREATE TABLE "tasks" ("id" INTEGER PRIMARY KEY AUTOINCREMENT NOT NULL, "content" text, "status" integer(4)) 
  [1m[36mSQL (0.3ms)[0m  [1mINSERT INTO "schema_migrations" ("version") VALUES (?)[0m  [["version", "20160301140031"]]
  [1m[35m (0.6ms)[0m  commit transaction
  [1m[36mActiveRecord::SchemaMigration Load (0.1ms)[0m  [1mSELECT "schema_migrations".* FROM "schema_migrations"[0m


Started GET "/" for ::1 at 2016-05-28 21:10:19 +0900
  [1m[36mActiveRecord::SchemaMigration Load (0.1ms)[0m  [1mSELECT "schema_migrations".* FROM "schema_migrations"[0m
Processing by Rails::WelcomeController#index as HTML
  Rendered /Library/Ruby/Gems/2.0.0/gems/railties-4.2.6/lib/rails/templates/rails/welcome/index.html.erb (31.7ms)
Completed 200 OK in 53ms (Views: 35.2ms | ActiveRecord: 0.0ms)
  [1m[36m (29.5ms)[0m  [1mCREATE TABLE `schema_migrations` (`version` varchar(255) NOT NULL) ENGINE=InnoDB[0m
  [1m[35m (16.6ms)[0m  CREATE UNIQUE INDEX `unique_schema_migrations`  ON `schema_migrations` (`version`) 
  [1m[36mActiveRecord::SchemaMigration Load (0.3ms)[0m  [1mSELECT `schema_migrations`.* FROM `schema_migrations`[0m
Migrating to CreateTasks (20160301140031)
  [1m[35m (30.5ms)[0m  CREATE TABLE `tasks` (`id` int(11) auto_increment PRIMARY KEY, `content` text, `status` int(11)) ENGINE=InnoDB
  [1m[36m (0.2ms)[0m  [1mBEGIN[0m
  [1m[35mSQL (0.3ms)[0m  INSERT INTO `schema_migrations` (`version`) VALUES ('20160301140031')
  [1m[36m (5.8ms)[0m  [1mCOMMIT[0m
  [1m[35mActiveRecord::SchemaMigration Load (0.2ms)[0m  SELECT `schema_migrations`.* FROM `schema_migrations`
  [1m[36m (0.3ms)[0m  [1mSELECT fk.referenced_table_name as 'to_table'
      ,fk.referenced_column_name as 'primary_key'
      ,fk.column_name as 'column'
      ,fk.constraint_name as 'name'
FROM information_schema.key_column_usage fk
WHERE fk.referenced_column_name is not null
  AND fk.table_schema = 'test_sute_development'
  AND fk.table_name = 'tasks'
[0m
  [1m[35m (0.1ms)[0m  SHOW CREATE TABLE `tasks`


Started GET "/" for ::1 at 2016-05-28 21:23:39 +0900
Processing by Rails::WelcomeController#index as HTML
  Rendered /Library/Ruby/Gems/2.0.0/gems/railties-4.2.6/lib/rails/templates/rails/welcome/index.html.erb (1.3ms)
Completed 200 OK in 18ms (Views: 14.5ms | ActiveRecord: 0.0ms)


Started GET "/" for ::1 at 2016-05-28 21:23:39 +0900
Processing by Rails::WelcomeController#index as HTML
  Rendered /Library/Ruby/Gems/2.0.0/gems/railties-4.2.6/lib/rails/templates/rails/welcome/index.html.erb (0.5ms)
Completed 200 OK in 2ms (Views: 1.5ms | ActiveRecord: 0.0ms)


Started GET "/" for ::1 at 2016-05-28 21:23:41 +0900
Processing by Rails::WelcomeController#index as HTML
  Rendered /Library/Ruby/Gems/2.0.0/gems/railties-4.2.6/lib/rails/templates/rails/welcome/index.html.erb (0.1ms)
Completed 200 OK in 2ms (Views: 1.6ms | ActiveRecord: 0.0ms)


Started GET "/todo" for ::1 at 2016-05-28 21:23:46 +0900

ActionController::RoutingError (No route matches [GET] "/todo"):
  actionpack (4.2.6) lib/action_dispatch/middleware/debug_exceptions.rb:21:in `call'
  web-console (2.3.0) lib/web_console/middleware.rb:28:in `block in call'
  web-console (2.3.0) lib/web_console/middleware.rb:18:in `catch'
  web-console (2.3.0) lib/web_console/middleware.rb:18:in `call'
  actionpack (4.2.6) lib/action_dispatch/middleware/show_exceptions.rb:30:in `call'
  railties (4.2.6) lib/rails/rack/logger.rb:38:in `call_app'
  railties (4.2.6) lib/rails/rack/logger.rb:20:in `block in call'
  activesupport (4.2.6) lib/active_support/tagged_logging.rb:68:in `block in tagged'
  activesupport (4.2.6) lib/active_support/tagged_logging.rb:26:in `tagged'
  activesupport (4.2.6) lib/active_support/tagged_logging.rb:68:in `tagged'
  railties (4.2.6) lib/rails/rack/logger.rb:20:in `call'
  actionpack (4.2.6) lib/action_dispatch/middleware/request_id.rb:21:in `call'
  rack (1.6.4) lib/rack/methodoverride.rb:22:in `call'
  rack (1.6.4) lib/rack/runtime.rb:18:in `call'
  activesupport (4.2.6) lib/active_support/cache/strategy/local_cache_middleware.rb:28:in `call'
  rack (1.6.4) lib/rack/lock.rb:17:in `call'
  actionpack (4.2.6) lib/action_dispatch/middleware/static.rb:120:in `call'
  rack (1.6.4) lib/rack/sendfile.rb:113:in `call'
  railties (4.2.6) lib/rails/engine.rb:518:in `call'
  railties (4.2.6) lib/rails/application.rb:165:in `call'
  rack (1.6.4) lib/rack/lock.rb:17:in `call'
  rack (1.6.4) lib/rack/content_length.rb:15:in `call'
  rack (1.6.4) lib/rack/handler/webrick.rb:88:in `service'
  /System/Library/Frameworks/Ruby.framework/Versions/2.0/usr/lib/ruby/2.0.0/webrick/httpserver.rb:138:in `service'
  /System/Library/Frameworks/Ruby.framework/Versions/2.0/usr/lib/ruby/2.0.0/webrick/httpserver.rb:94:in `run'
  /System/Library/Frameworks/Ruby.framework/Versions/2.0/usr/lib/ruby/2.0.0/webrick/server.rb:295:in `block in start_thread'


  Rendered /Library/Ruby/Gems/2.0.0/gems/actionpack-4.2.6/lib/action_dispatch/middleware/templates/rescues/_trace.html.erb (2.1ms)
  Rendered /Library/Ruby/Gems/2.0.0/gems/actionpack-4.2.6/lib/action_dispatch/middleware/templates/routes/_route.html.erb (1.2ms)
  Rendered /Library/Ruby/Gems/2.0.0/gems/actionpack-4.2.6/lib/action_dispatch/middleware/templates/routes/_table.html.erb (12.1ms)
  Rendered /Library/Ruby/Gems/2.0.0/gems/actionpack-4.2.6/lib/action_dispatch/middleware/templates/rescues/_request_and_response.html.erb (2.1ms)
  Rendered /Library/Ruby/Gems/2.0.0/gems/actionpack-4.2.6/lib/action_dispatch/middleware/templates/rescues/routing_error.html.erb within rescues/layout (40.6ms)
  Rendered /Library/Ruby/Gems/2.0.0/gems/web-console-2.3.0/lib/web_console/templates/_markup.html.erb (0.5ms)
  Rendered /Library/Ruby/Gems/2.0.0/gems/web-console-2.3.0/lib/web_console/templates/_inner_console_markup.html.erb within layouts/inlined_string (0.3ms)
  Rendered /Library/Ruby/Gems/2.0.0/gems/web-console-2.3.0/lib/web_console/templates/_prompt_box_markup.html.erb within layouts/inlined_string (0.3ms)
  Rendered /Library/Ruby/Gems/2.0.0/gems/web-console-2.3.0/lib/web_console/templates/style.css.erb within layouts/inlined_string (0.7ms)
  Rendered /Library/Ruby/Gems/2.0.0/gems/web-console-2.3.0/lib/web_console/templates/console.js.erb within layouts/javascript (18.1ms)
  Rendered /Library/Ruby/Gems/2.0.0/gems/web-console-2.3.0/lib/web_console/templates/main.js.erb within layouts/javascript (0.3ms)
  Rendered /Library/Ruby/Gems/2.0.0/gems/web-console-2.3.0/lib/web_console/templates/error_page.js.erb within layouts/javascript (0.4ms)
  Rendered /Library/Ruby/Gems/2.0.0/gems/web-console-2.3.0/lib/web_console/templates/index.html.erb (39.0ms)


Started GET "/tasks" for ::1 at 2016-05-28 21:24:38 +0900
Processing by TasksController#index as HTML
  [1m[35mTask Load (0.6ms)[0m  SELECT "tasks".* FROM "tasks"
  Rendered tasks/index.html.erb within layouts/application (3.9ms)
Completed 200 OK in 1541ms (Views: 1537.0ms | ActiveRecord: 0.7ms)


Started GET "/assets/application.self-e80e8f2318043e8af94dddc2adad5a4f09739a8ebb323b3ab31cd71d45fd9113.css?body=1" for ::1 at 2016-05-28 21:24:39 +0900


Started GET "/assets/application.self-3b8dabdc891efe46b9a144b400ad69e37d7e5876bdc39dee783419a69d7ca819.js?body=1" for ::1 at 2016-05-28 21:24:39 +0900


Started GET "/tasks/new" for ::1 at 2016-05-28 21:24:44 +0900
Processing by TasksController#new as HTML
  Rendered tasks/_form.html.erb (9.9ms)
  Rendered tasks/new.html.erb within layouts/application (12.3ms)
Completed 200 OK in 34ms (Views: 30.1ms | ActiveRecord: 0.3ms)


Started POST "/tasks" for ::1 at 2016-05-28 21:24:47 +0900
Processing by TasksController#create as HTML
  Parameters: {"utf8"=>"✓", "authenticity_token"=>"7/lhRVB0rduUu9PFgMKdYiOZJw4UlPj4coG/3NILLkoZyt9bsFGTtnj5TC+j+teU1FVJSh0iTBLjkhuI/u+Y/A==", "task"=>{"content"=>"aaaaaaaaaaaaa", "status"=>"todo"}, "commit"=>"Create Task"}
  [1m[36m (0.1ms)[0m  [1mbegin transaction[0m
  [1m[35mSQL (48.7ms)[0m  INSERT INTO "tasks" ("content", "status") VALUES (?, ?)  [["content", "aaaaaaaaaaaaa"], ["status", 0]]
  [1m[36m (0.1ms)[0m  [1mrollback transaction[0m
Completed 500 Internal Server Error in 54ms (ActiveRecord: 48.9ms)

ActiveRecord::StatementInvalid (SQLite3::ReadOnlyException: attempt to write a readonly database: INSERT INTO "tasks" ("content", "status") VALUES (?, ?)):
  app/controllers/tasks_controller.rb:22:in `block in create'
  app/controllers/tasks_controller.rb:21:in `create'


  Rendered /Library/Ruby/Gems/2.0.0/gems/actionpack-4.2.6/lib/action_dispatch/middleware/templates/rescues/_source.erb (6.5ms)
  Rendered /Library/Ruby/Gems/2.0.0/gems/actionpack-4.2.6/lib/action_dispatch/middleware/templates/rescues/_trace.html.erb (2.2ms)
  Rendered /Library/Ruby/Gems/2.0.0/gems/actionpack-4.2.6/lib/action_dispatch/middleware/templates/rescues/_request_and_response.html.erb (1.0ms)
  Rendered /Library/Ruby/Gems/2.0.0/gems/actionpack-4.2.6/lib/action_dispatch/middleware/templates/rescues/diagnostics.html.erb within rescues/layout (22.2ms)
  Rendered /Library/Ruby/Gems/2.0.0/gems/web-console-2.3.0/lib/web_console/templates/_markup.html.erb (0.4ms)
  Rendered /Library/Ruby/Gems/2.0.0/gems/web-console-2.3.0/lib/web_console/templates/_inner_console_markup.html.erb within layouts/inlined_string (0.3ms)
  Rendered /Library/Ruby/Gems/2.0.0/gems/web-console-2.3.0/lib/web_console/templates/_prompt_box_markup.html.erb within layouts/inlined_string (0.4ms)
  Rendered /Library/Ruby/Gems/2.0.0/gems/web-console-2.3.0/lib/web_console/templates/style.css.erb within layouts/inlined_string (0.3ms)
  Rendered /Library/Ruby/Gems/2.0.0/gems/web-console-2.3.0/lib/web_console/templates/console.js.erb within layouts/javascript (15.3ms)
  Rendered /Library/Ruby/Gems/2.0.0/gems/web-console-2.3.0/lib/web_console/templates/main.js.erb within layouts/javascript (0.3ms)
  Rendered /Library/Ruby/Gems/2.0.0/gems/web-console-2.3.0/lib/web_console/templates/error_page.js.erb within layouts/javascript (0.4ms)
  Rendered /Library/Ruby/Gems/2.0.0/gems/web-console-2.3.0/lib/web_console/templates/index.html.erb (33.0ms)


Started GET "/tasks" for ::1 at 2016-05-28 21:27:26 +0900
  [1m[36mActiveRecord::SchemaMigration Load (0.5ms)[0m  [1mSELECT `schema_migrations`.* FROM `schema_migrations`[0m
Processing by TasksController#index as HTML
  [1m[35mTask Load (0.3ms)[0m  SELECT `tasks`.* FROM `tasks`
  Rendered tasks/index.html.erb within layouts/application (3.4ms)
Completed 200 OK in 363ms (Views: 340.4ms | ActiveRecord: 0.7ms)


Started GET "/assets/jquery_ujs.self-d602bdfe68ffc63b9f9cc512872aa3cfff046228a0a36e90dd476e8ef54c1b09.js?body=1" for ::1 at 2016-05-28 21:27:27 +0900


Started GET "/assets/application.self-e80e8f2318043e8af94dddc2adad5a4f09739a8ebb323b3ab31cd71d45fd9113.css?body=1" for ::1 at 2016-05-28 21:27:27 +0900


Started GET "/assets/jquery.self-c64a74367bda6ef8b860f19e74df08927ca99d2be2ac934e9e92d5fd361e0da4.js?body=1" for ::1 at 2016-05-28 21:27:27 +0900


Started GET "/assets/turbolinks.self-c37727e9bd6b2735da5c311aa83fead54ed0be6cc8bd9a65309e9c5abe2cbfff.js?body=1" for ::1 at 2016-05-28 21:27:27 +0900


Started GET "/assets/application.self-3b8dabdc891efe46b9a144b400ad69e37d7e5876bdc39dee783419a69d7ca819.js?body=1" for ::1 at 2016-05-28 21:27:27 +0900


Started GET "/tasks/new" for ::1 at 2016-05-28 21:27:29 +0900
Processing by TasksController#new as HTML
  Rendered tasks/_form.html.erb (16.4ms)
  Rendered tasks/new.html.erb within layouts/application (20.4ms)
Completed 200 OK in 42ms (Views: 37.9ms | ActiveRecord: 0.5ms)


Started GET "/tasks" for ::1 at 2016-05-28 21:27:31 +0900
Processing by TasksController#index as HTML
  [1m[36mTask Load (0.4ms)[0m  [1mSELECT `tasks`.* FROM `tasks`[0m
  Rendered tasks/index.html.erb within layouts/application (1.8ms)
Completed 200 OK in 79ms (Views: 77.9ms | ActiveRecord: 0.4ms)


Started GET "/tasks/new" for ::1 at 2016-05-28 21:27:32 +0900
Processing by TasksController#new as HTML
  Rendered tasks/_form.html.erb (1.9ms)
  Rendered tasks/new.html.erb within layouts/application (3.0ms)
Completed 200 OK in 13ms (Views: 12.5ms | ActiveRecord: 0.0ms)


Started POST "/tasks" for ::1 at 2016-05-28 21:27:35 +0900
Processing by TasksController#create as HTML
  Parameters: {"utf8"=>"✓", "authenticity_token"=>"2QQbX/D5deKgaw231+9mMtCBY0H7TgN/ERm6uAO7pKYvN6VBENxLj0wpkl301yzEJ00NBfL4t5WACh7sL18SEA==", "task"=>{"content"=>"aaaaaaa", "status"=>"todo"}, "commit"=>"Create Task"}
  [1m[35m (0.2ms)[0m  BEGIN
  [1m[36mSQL (6.4ms)[0m  [1mINSERT INTO `tasks` (`content`, `status`) VALUES ('aaaaaaa', 0)[0m
  [1m[35m (6.1ms)[0m  COMMIT
Redirected to http://localhost:3000/tasks/1
Completed 302 Found in 16ms (ActiveRecord: 12.6ms)


Started GET "/tasks/1" for ::1 at 2016-05-28 21:27:35 +0900
Processing by TasksController#show as HTML
  Parameters: {"id"=>"1"}
  [1m[36mTask Load (0.3ms)[0m  [1mSELECT  `tasks`.* FROM `tasks` WHERE `tasks`.`id` = 1 LIMIT 1[0m
  Rendered tasks/show.html.erb within layouts/application (5.2ms)
Completed 200 OK in 26ms (Views: 18.5ms | ActiveRecord: 0.3ms)


Started GET "/tasks/1/edit" for ::1 at 2016-05-28 21:27:41 +0900
Processing by TasksController#edit as HTML
  Parameters: {"id"=>"1"}
  [1m[35mTask Load (0.3ms)[0m  SELECT  `tasks`.* FROM `tasks` WHERE `tasks`.`id` = 1 LIMIT 1
  Rendered tasks/_form.html.erb (1.7ms)
  Rendered tasks/edit.html.erb within layouts/application (2.9ms)
Completed 200 OK in 15ms (Views: 13.4ms | ActiveRecord: 0.3ms)


Started PATCH "/tasks/1" for ::1 at 2016-05-28 21:27:48 +0900
Processing by TasksController#update as HTML
  Parameters: {"utf8"=>"✓", "authenticity_token"=>"VKGb7xmIgrI0nQHGSWTsAUS0eBK2g4a6kvIQTIg3PUqikiXx+a2839jfnixqXKb3s3gWVr81MlAD4bQYpNOL/A==", "task"=>{"content"=>"aaaaaaa", "status"=>"todo"}, "commit"=>"Update Task", "id"=>"1"}
  [1m[36mTask Load (0.3ms)[0m  [1mSELECT  `tasks`.* FROM `tasks` WHERE `tasks`.`id` = 1 LIMIT 1[0m
  [1m[35m (0.1ms)[0m  BEGIN
  [1m[36m (0.2ms)[0m  [1mCOMMIT[0m
Redirected to http://localhost:3000/tasks/1
Completed 302 Found in 4ms (ActiveRecord: 0.6ms)


Started GET "/tasks/1" for ::1 at 2016-05-28 21:27:48 +0900
Processing by TasksController#show as HTML
  Parameters: {"id"=>"1"}
  [1m[35mTask Load (0.3ms)[0m  SELECT  `tasks`.* FROM `tasks` WHERE `tasks`.`id` = 1 LIMIT 1
  Rendered tasks/show.html.erb within layouts/application (0.3ms)
Completed 200 OK in 11ms (Views: 9.9ms | ActiveRecord: 0.3ms)


Started GET "/tasks/1/edit" for ::1 at 2016-05-28 21:27:50 +0900
Processing by TasksController#edit as HTML
  Parameters: {"id"=>"1"}
  [1m[36mTask Load (0.3ms)[0m  [1mSELECT  `tasks`.* FROM `tasks` WHERE `tasks`.`id` = 1 LIMIT 1[0m
  Rendered tasks/_form.html.erb (1.3ms)
  Rendered tasks/edit.html.erb within layouts/application (2.2ms)
Completed 200 OK in 15ms (Views: 14.3ms | ActiveRecord: 0.3ms)


Started PATCH "/tasks/1" for ::1 at 2016-05-28 21:27:54 +0900
Processing by TasksController#update as HTML
  Parameters: {"utf8"=>"✓", "authenticity_token"=>"W+1992u+Qr/70V1GqjsN8UFQqwSSVollCppMnsFXV+6t3sPpi5t80heTwqyJA0cHtpzFQJvgPY+biejK7bPhWA==", "task"=>{"content"=>"ddddddddddddddddd", "status"=>"todo"}, "commit"=>"Update Task", "id"=>"1"}
  [1m[35mTask Load (0.3ms)[0m  SELECT  `tasks`.* FROM `tasks` WHERE `tasks`.`id` = 1 LIMIT 1
  [1m[36m (0.1ms)[0m  [1mBEGIN[0m
  [1m[35mSQL (0.4ms)[0m  UPDATE `tasks` SET `content` = 'ddddddddddddddddd' WHERE `tasks`.`id` = 1
  [1m[36m (6.2ms)[0m  [1mCOMMIT[0m
Redirected to http://localhost:3000/tasks/1
Completed 302 Found in 10ms (ActiveRecord: 7.0ms)


Started GET "/tasks/1" for ::1 at 2016-05-28 21:27:54 +0900
Processing by TasksController#show as HTML
  Parameters: {"id"=>"1"}
  [1m[35mTask Load (6.4ms)[0m  SELECT  `tasks`.* FROM `tasks` WHERE `tasks`.`id` = 1 LIMIT 1
  Rendered tasks/show.html.erb within layouts/application (0.3ms)
Completed 200 OK in 23ms (Views: 15.6ms | ActiveRecord: 6.4ms)


Started GET "/tasks" for ::1 at 2016-05-28 21:28:00 +0900
Processing by TasksController#index as HTML
  [1m[36mTask Load (0.3ms)[0m  [1mSELECT `tasks`.* FROM `tasks`[0m
  Rendered tasks/index.html.erb within layouts/application (1.4ms)
Completed 200 OK in 13ms (Views: 12.2ms | ActiveRecord: 0.3ms)


Started GET "/tasks/1" for ::1 at 2016-05-28 21:28:05 +0900
Processing by TasksController#show as HTML
  Parameters: {"id"=>"1"}
  [1m[35mTask Load (0.3ms)[0m  SELECT  `tasks`.* FROM `tasks` WHERE `tasks`.`id` = 1 LIMIT 1
  Rendered tasks/show.html.erb within layouts/application (0.8ms)
Completed 200 OK in 14ms (Views: 12.5ms | ActiveRecord: 0.3ms)


Started GET "/tasks" for ::1 at 2016-05-28 21:28:07 +0900
Processing by TasksController#index as HTML
  [1m[36mTask Load (0.3ms)[0m  [1mSELECT `tasks`.* FROM `tasks`[0m
  Rendered tasks/index.html.erb within layouts/application (1.5ms)
Completed 200 OK in 13ms (Views: 11.3ms | ActiveRecord: 0.3ms)


Started DELETE "/tasks/1" for ::1 at 2016-05-28 21:28:10 +0900
Processing by TasksController#destroy as HTML
  Parameters: {"authenticity_token"=>"HQepk9GPPxVF+ouzCTWDBaUdyNeUC+vPOaRprIqUGYbrNBeNMaoBeKm4FFkqDcnzUtGmk529XyWot834pnCvMA==", "id"=>"1"}
  [1m[35mTask Load (0.3ms)[0m  SELECT  `tasks`.* FROM `tasks` WHERE `tasks`.`id` = 1 LIMIT 1
  [1m[36m (0.2ms)[0m  [1mBEGIN[0m
  [1m[35mSQL (2.5ms)[0m  DELETE FROM `tasks` WHERE `tasks`.`id` = 1
  [1m[36m (0.9ms)[0m  [1mCOMMIT[0m
Redirected to http://localhost:3000/tasks
Completed 302 Found in 9ms (ActiveRecord: 3.9ms)


Started GET "/tasks" for ::1 at 2016-05-28 21:28:10 +0900
Processing by TasksController#index as HTML
  [1m[35mTask Load (0.2ms)[0m  SELECT `tasks`.* FROM `tasks`
  Rendered tasks/index.html.erb within layouts/application (0.8ms)
Completed 200 OK in 12ms (Views: 11.5ms | ActiveRecord: 0.2ms)


Started GET "/tasks/new" for ::1 at 2016-05-28 21:28:12 +0900
Processing by TasksController#new as HTML
  Rendered tasks/_form.html.erb (1.7ms)
  Rendered tasks/new.html.erb within layouts/application (2.9ms)
Completed 200 OK in 16ms (Views: 15.1ms | ActiveRecord: 0.0ms)
